<?xml version="1.0" encoding="utf-8"?><testsuites name="pytest tests"><testsuite name="pytest" errors="0" failures="0" skipped="0" tests="13" time="3.231" timestamp="2026-09-09T13:56:47.450878+00:00" hostname="agent-env-ec2c21d5-659f-420f-82d8-dcff473f796f"><testcase classname="tests.backend_test.TestOfflineLogin" name="test_offline_login_shape" time="0.413" /><testcase classname="tests.backend_test.TestOfflineLogin" name="test_session_get" time="0.093" /><testcase classname="tests.backend_test.TestChat" name="test_send_and_fetch_local" time="0.666" /><testcase classname="tests.backend_test.TestOfflineLogin" name="test_friends_seeded" time="0.147" /><testcase classname="tests.backend_test.TestOfflineLogin" name="test_inventory_seeded" time="0.096" /><testcase classname="tests.backend_test.TestChat" name="test_send_im" time="0.177" /><testcase classname="tests.backend_test.TestDiagnostics" name="test_diagnostics_agni" time="0.942" /><testcase classname="tests.backend_test.TestChat" name="test_send_group" time="0.809" /><testcase classname="tests.backend_test.TestChat" name="test_send_invalid_session" time="0.083" /><testcase classname="tests.backend_test.TestDiagnostics" name="test_diagnostics_bad_grid" time="0.092" /><testcase classname="tests.backend_test.TestGridLogin" name="test_grid_login_fake_creds" time="0.799" /><testcase classname="tests.backend_test.TestRoot" name="test_root" time="0.835" /><testcase classname="tests.backend_test.TestLogout" name="test_logout_clears" time="0.390" /></testsuite></testsuites>