<?xml version="1.0" encoding="utf-8"?><testsuites name="pytest tests"><testsuite name="pytest" errors="0" failures="0" skipped="0" tests="20" time="5.457" timestamp="2026-09-09T17:59:00.275427+00:00" hostname="agent-env-ec2c21d5-659f-420f-82d8-dcff473f796f"><testcase classname="tests.backend_test.TestOfflineBasics" name="test_offline_login_shape" time="0.350" /><testcase classname="tests.backend_test.TestOfflineNewFeatures" name="test_im_conversations_start_empty" time="0.440" /><testcase classname="tests.backend_test.TestOfflineBasics" name="test_status_offline" time="0.093" /><testcase classname="tests.backend_test.TestOfflineNewFeatures" name="test_send_im_creates_conversation" time="0.322" /><testcase classname="tests.backend_test.TestOfflineBasics" name="test_friends_seeded_and_sorted" time="0.139" /><testcase classname="tests.backend_test.TestOfflineBasics" name="test_groups_seeded" time="0.100" /><testcase classname="tests.backend_test.TestFriendRequestsOffline" name="test_pending_request_seeded" time="0.357" /><testcase classname="tests.backend_test.TestOfflineNewFeatures" name="test_search_residents_offline" time="0.104" /><testcase classname="tests.backend_test.TestOfflineNewFeatures" name="test_search_residents_too_short" time="0.129" /><testcase classname="tests.backend_test.TestOfflineNewFeatures" name="test_friend_request_offline_upsert" time="0.298" /><testcase classname="tests.backend_test.TestFriendRequestsOffline" name="test_decline_removes_request" time="0.983" /><testcase classname="tests.backend_test.TestReconnectAndLogoutCleanup" name="test_reconnect_offline_400" time="0.089" /><testcase classname="tests.backend_test.TestReconnectAndLogoutCleanup" name="test_status_offline_cannot_reconnect" time="0.087" /><testcase classname="tests.backend_test.TestReconnectAndLogoutCleanup" name="test_logout_clears_requests_and_marks" time="0.272" /><testcase classname="tests.backend_test.TestLogoutCleansGroups" name="test_logout_removes_groups" time="0.434" /><testcase classname="tests.backend_test.TestFriendRequestsOffline" name="test_accept_adds_friend" time="0.676" /><testcase classname="tests.backend_test.TestLocalChatEcho" name="test_local_send_and_echo" time="0.216" /><testcase classname="tests.backend_test.TestRadarOffline" name="test_radar_offline_shape" time="0.244" /><testcase classname="tests.backend_test.TestRoot" name="test_root" time="0.279" /><testcase classname="tests.backend_test.TestUnreadOffline" name="test_unread_lifecycle" time="1.743" /></testsuite></testsuites>